<?xml version="1.0" encoding="UTF-8"?>
<testsuite name="org.liftoff.BookApp.BookAppApplicationTests" tests="1" skipped="0" failures="0" errors="0" timestamp="2021-02-02T01:50:23" hostname="DESKTOP-0AUMTEH" time="0.323">
  <properties/>
  <testcase name="contextLoads()" classname="org.liftoff.BookApp.BookAppApplicationTests" time="0.323"/>
  <system-out><![CDATA[19:50:17.689 [Test worker] DEBUG org.springframework.test.context.BootstrapUtils - Instantiating CacheAwareContextLoaderDelegate from class [org.springframework.test.context.cache.DefaultCacheAwareContextLoaderDelegate]
19:50:17.712 [Test worker] DEBUG org.springframework.test.context.BootstrapUtils - Instantiating BootstrapContext using constructor [public org.springframework.test.context.support.DefaultBootstrapContext(java.lang.Class,org.springframework.test.context.CacheAwareContextLoaderDelegate)]
19:50:17.754 [Test worker] DEBUG org.springframework.test.context.BootstrapUtils - Instantiating TestContextBootstrapper for test class [org.liftoff.BookApp.BookAppApplicationTests] from class [org.springframework.boot.test.context.SpringBootTestContextBootstrapper]
19:50:17.774 [Test worker] INFO org.springframework.boot.test.context.SpringBootTestContextBootstrapper - Neither @ContextConfiguration nor @ContextHierarchy found for test class [org.liftoff.BookApp.BookAppApplicationTests], using SpringBootContextLoader
19:50:17.779 [Test worker] DEBUG org.springframework.test.context.support.AbstractContextLoader - Did not detect default resource location for test class [org.liftoff.BookApp.BookAppApplicationTests]: class path resource [org/liftoff/BookApp/BookAppApplicationTests-context.xml] does not exist
19:50:17.780 [Test worker] DEBUG org.springframework.test.context.support.AbstractContextLoader - Did not detect default resource location for test class [org.liftoff.BookApp.BookAppApplicationTests]: class path resource [org/liftoff/BookApp/BookAppApplicationTestsContext.groovy] does not exist
19:50:17.780 [Test worker] INFO org.springframework.test.context.support.AbstractContextLoader - Could not detect default resource locations for test class [org.liftoff.BookApp.BookAppApplicationTests]: no resource found for suffixes {-context.xml, Context.groovy}.
19:50:17.781 [Test worker] INFO org.springframework.test.context.support.AnnotationConfigContextLoaderUtils - Could not detect default configuration classes for test class [org.liftoff.BookApp.BookAppApplicationTests]: BookAppApplicationTests does not declare any static, non-private, non-final, nested classes annotated with @Configuration.
19:50:17.825 [Test worker] DEBUG org.springframework.test.context.support.ActiveProfilesUtils - Could not find an 'annotation declaring class' for annotation type [org.springframework.test.context.ActiveProfiles] and class [org.liftoff.BookApp.BookAppApplicationTests]
19:50:17.907 [Test worker] DEBUG org.springframework.context.annotation.ClassPathScanningCandidateComponentProvider - Identified candidate component class: file [C:\Users\spoll\LC101\Java\TreatYourShelf\treat your shelf\BookApp\build\classes\java\main\org\liftoff\BookApp\BookAppApplication.class]
19:50:17.912 [Test worker] INFO org.springframework.boot.test.context.SpringBootTestContextBootstrapper - Found @SpringBootConfiguration org.liftoff.BookApp.BookAppApplication for test class org.liftoff.BookApp.BookAppApplicationTests
19:50:18.029 [Test worker] DEBUG org.springframework.boot.test.context.SpringBootTestContextBootstrapper - @TestExecutionListeners is not present for class [org.liftoff.BookApp.BookAppApplicationTests]: using defaults.
19:50:18.029 [Test worker] INFO org.springframework.boot.test.context.SpringBootTestContextBootstrapper - Loaded default TestExecutionListener class names from location [META-INF/spring.factories]: [org.springframework.boot.test.autoconfigure.restdocs.RestDocsTestExecutionListener, org.springframework.boot.test.autoconfigure.web.client.MockRestServiceServerResetTestExecutionListener, org.springframework.boot.test.autoconfigure.web.servlet.MockMvcPrintOnlyOnFailureTestExecutionListener, org.springframework.boot.test.autoconfigure.web.servlet.WebDriverTestExecutionListener, org.springframework.boot.test.mock.mockito.MockitoTestExecutionListener, org.springframework.boot.test.mock.mockito.ResetMocksTestExecutionListener, org.springframework.test.context.web.ServletTestExecutionListener, org.springframework.test.context.support.DirtiesContextBeforeModesTestExecutionListener, org.springframework.test.context.support.DependencyInjectionTestExecutionListener, org.springframework.test.context.support.DirtiesContextTestExecutionListener, org.springframework.test.context.transaction.TransactionalTestExecutionListener, org.springframework.test.context.jdbc.SqlScriptsTestExecutionListener, org.springframework.test.context.event.EventPublishingTestExecutionListener]
19:50:18.052 [Test worker] INFO org.springframework.boot.test.context.SpringBootTestContextBootstrapper - Using TestExecutionListeners: [org.springframework.test.context.web.ServletTestExecutionListener@8fee2c9, org.springframework.test.context.support.DirtiesContextBeforeModesTestExecutionListener@79405d7c, org.springframework.boot.test.mock.mockito.MockitoTestExecutionListener@1cd0d804, org.springframework.boot.test.autoconfigure.SpringBootDependencyInjectionTestExecutionListener@5e53ebf5, org.springframework.test.context.support.DirtiesContextTestExecutionListener@2144a25c, org.springframework.test.context.transaction.TransactionalTestExecutionListener@5a14a0b5, org.springframework.test.context.jdbc.SqlScriptsTestExecutionListener@401e430b, org.springframework.test.context.event.EventPublishingTestExecutionListener@1d304be, org.springframework.boot.test.autoconfigure.restdocs.RestDocsTestExecutionListener@501009a, org.springframework.boot.test.autoconfigure.web.client.MockRestServiceServerResetTestExecutionListener@7aef1987, org.springframework.boot.test.autoconfigure.web.servlet.MockMvcPrintOnlyOnFailureTestExecutionListener@485b1bca, org.springframework.boot.test.autoconfigure.web.servlet.WebDriverTestExecutionListener@51b4108b, org.springframework.boot.test.mock.mockito.ResetMocksTestExecutionListener@5cbccff7]
19:50:18.057 [Test worker] DEBUG org.springframework.test.context.support.AbstractDirtiesContextTestExecutionListener - Before test class: context [DefaultTestContext@13a67c16 testClass = BookAppApplicationTests, testInstance = [null], testMethod = [null], testException = [null], mergedContextConfiguration = [WebMergedContextConfiguration@716f1cdf testClass = BookAppApplicationTests, locations = '{}', classes = '{class org.liftoff.BookApp.BookAppApplication}', contextInitializerClasses = '[]', activeProfiles = '{}', propertySourceLocations = '{}', propertySourceProperties = '{org.springframework.boot.test.context.SpringBootTestContextBootstrapper=true}', contextCustomizers = set[org.springframework.boot.test.autoconfigure.properties.PropertyMappingContextCustomizer@0, org.springframework.boot.test.autoconfigure.web.servlet.WebDriverContextCustomizerFactory$Customizer@315cda46, org.springframework.boot.test.context.filter.ExcludeFilterContextCustomizer@72127a1a, org.springframework.boot.test.json.DuplicateJsonObjectContextCustomizerFactory$DuplicateJsonObjectContextCustomizer@1f1cfb38, org.springframework.boot.test.mock.mockito.MockitoContextCustomizer@0, org.springframework.boot.test.web.client.TestRestTemplateContextCustomizer@5dc48bb2], resourceBasePath = 'src/main/webapp', contextLoader = 'org.springframework.boot.test.context.SpringBootContextLoader', parent = [null]], attributes = map['org.springframework.test.context.web.ServletTestExecutionListener.activateListener' -> true]], class annotated with @DirtiesContext [false] with mode [null].
19:50:18.097 [Test worker] DEBUG org.springframework.test.context.support.TestPropertySourceUtils - Adding inlined properties to environment: {spring.jmx.enabled=false, org.springframework.boot.test.context.SpringBootTestContextBootstrapper=true, server.port=-1}

  .   ____          _            __ _ _
 /\\ / ___'_ __ _ _(_)_ __  __ _ \ \ \ \
( ( )\___ | '_ | '_| | '_ \/ _` | \ \ \ \
 \\/  ___)| |_)| | | | | || (_| |  ) ) ) )
  '  |____| .__|_| |_|_| |_\__, | / / / /
 =========|_|==============|___/=/_/_/_/
 :: Spring Boot ::        (v2.2.1.RELEASE)

2021-02-01 19:50:18.421  INFO 9616 --- [    Test worker] o.l.BookApp.BookAppApplicationTests      : Starting BookAppApplicationTests on DESKTOP-0AUMTEH with PID 9616 (started by spoll in C:\Users\spoll\LC101\Java\TreatYourShelf\treat your shelf\BookApp)
2021-02-01 19:50:18.422  INFO 9616 --- [    Test worker] o.l.BookApp.BookAppApplicationTests      : No active profile set, falling back to default profiles: default
2021-02-01 19:50:19.243  INFO 9616 --- [    Test worker] .s.d.r.c.RepositoryConfigurationDelegate : Bootstrapping Spring Data repositories in DEFAULT mode.
2021-02-01 19:50:19.339  INFO 9616 --- [    Test worker] .s.d.r.c.RepositoryConfigurationDelegate : Finished Spring Data repository scanning in 83ms. Found 3 repository interfaces.
2021-02-01 19:50:19.811  INFO 9616 --- [    Test worker] trationDelegate$BeanPostProcessorChecker : Bean 'org.springframework.transaction.annotation.ProxyTransactionManagementConfiguration' of type [org.springframework.transaction.annotation.ProxyTransactionManagementConfiguration] is not eligible for getting processed by all BeanPostProcessors (for example: not eligible for auto-proxying)
2021-02-01 19:50:20.115  INFO 9616 --- [    Test worker] o.hibernate.jpa.internal.util.LogHelper  : HHH000204: Processing PersistenceUnitInfo [name: default]
2021-02-01 19:50:20.205  INFO 9616 --- [    Test worker] org.hibernate.Version                    : HHH000412: Hibernate Core {5.4.8.Final}
2021-02-01 19:50:20.390  INFO 9616 --- [    Test worker] o.hibernate.annotations.common.Version   : HCANN000001: Hibernate Commons Annotations {5.1.0.Final}
2021-02-01 19:50:20.548  INFO 9616 --- [    Test worker] com.zaxxer.hikari.HikariDataSource       : HikariPool-1 - Starting...
2021-02-01 19:50:20.957  INFO 9616 --- [    Test worker] com.zaxxer.hikari.HikariDataSource       : HikariPool-1 - Start completed.
2021-02-01 19:50:20.978  INFO 9616 --- [    Test worker] org.hibernate.dialect.Dialect            : HHH000400: Using dialect: org.hibernate.dialect.MySQL8Dialect
2021-02-01 19:50:21.896  INFO 9616 --- [    Test worker] o.h.e.t.j.p.i.JtaPlatformInitiator       : HHH000490: Using JtaPlatform implementation: [org.hibernate.engine.transaction.jta.platform.internal.NoJtaPlatform]
2021-02-01 19:50:21.904  INFO 9616 --- [    Test worker] j.LocalContainerEntityManagerFactoryBean : Initialized JPA EntityManagerFactory for persistence unit 'default'
2021-02-01 19:50:22.701  WARN 9616 --- [    Test worker] JpaBaseConfiguration$JpaWebConfiguration : spring.jpa.open-in-view is enabled by default. Therefore, database queries may be performed during view rendering. Explicitly configure spring.jpa.open-in-view to disable this warning
2021-02-01 19:50:23.085  INFO 9616 --- [    Test worker] o.s.s.concurrent.ThreadPoolTaskExecutor  : Initializing ExecutorService 'applicationTaskExecutor'
2021-02-01 19:50:23.239  INFO 9616 --- [    Test worker] o.s.b.a.w.s.WelcomePageHandlerMapping    : Adding welcome page template: index
2021-02-01 19:50:23.737  INFO 9616 --- [    Test worker] o.l.BookApp.BookAppApplicationTests      : Started BookAppApplicationTests in 5.63 seconds (JVM running for 6.982)
]]></system-out>
  <system-err><![CDATA[]]></system-err>
</testsuite>
