<?xml version="1.0" encoding="UTF-8"?>
<testsuite name="org.liftoff.BookApp.BookAppApplicationTests" tests="1" skipped="0" failures="0" errors="0" timestamp="2020-11-24T02:52:30" hostname="Enriques-MacBook-Pro.local" time="0.551">
  <properties/>
  <testcase name="contextLoads()" classname="org.liftoff.BookApp.BookAppApplicationTests" time="0.551"/>
  <system-out><![CDATA[20:52:27.915 [Test worker] DEBUG org.springframework.test.context.BootstrapUtils - Instantiating CacheAwareContextLoaderDelegate from class [org.springframework.test.context.cache.DefaultCacheAwareContextLoaderDelegate]
20:52:27.939 [Test worker] DEBUG org.springframework.test.context.BootstrapUtils - Instantiating BootstrapContext using constructor [public org.springframework.test.context.support.DefaultBootstrapContext(java.lang.Class,org.springframework.test.context.CacheAwareContextLoaderDelegate)]
20:52:28.001 [Test worker] DEBUG org.springframework.test.context.BootstrapUtils - Instantiating TestContextBootstrapper for test class [org.liftoff.BookApp.BookAppApplicationTests] from class [org.springframework.boot.test.context.SpringBootTestContextBootstrapper]
20:52:28.032 [Test worker] INFO org.springframework.boot.test.context.SpringBootTestContextBootstrapper - Neither @ContextConfiguration nor @ContextHierarchy found for test class [org.liftoff.BookApp.BookAppApplicationTests], using SpringBootContextLoader
20:52:28.048 [Test worker] DEBUG org.springframework.test.context.support.AbstractContextLoader - Did not detect default resource location for test class [org.liftoff.BookApp.BookAppApplicationTests]: class path resource [org/liftoff/BookApp/BookAppApplicationTests-context.xml] does not exist
20:52:28.053 [Test worker] DEBUG org.springframework.test.context.support.AbstractContextLoader - Did not detect default resource location for test class [org.liftoff.BookApp.BookAppApplicationTests]: class path resource [org/liftoff/BookApp/BookAppApplicationTestsContext.groovy] does not exist
20:52:28.055 [Test worker] INFO org.springframework.test.context.support.AbstractContextLoader - Could not detect default resource locations for test class [org.liftoff.BookApp.BookAppApplicationTests]: no resource found for suffixes {-context.xml, Context.groovy}.
20:52:28.057 [Test worker] INFO org.springframework.test.context.support.AnnotationConfigContextLoaderUtils - Could not detect default configuration classes for test class [org.liftoff.BookApp.BookAppApplicationTests]: BookAppApplicationTests does not declare any static, non-private, non-final, nested classes annotated with @Configuration.
20:52:28.148 [Test worker] DEBUG org.springframework.test.context.support.ActiveProfilesUtils - Could not find an 'annotation declaring class' for annotation type [org.springframework.test.context.ActiveProfiles] and class [org.liftoff.BookApp.BookAppApplicationTests]
20:52:28.251 [Test worker] DEBUG org.springframework.context.annotation.ClassPathScanningCandidateComponentProvider - Identified candidate component class: file [/Users/dogsizedrat/Desktop/BookApp/build/classes/java/main/org/liftoff/BookApp/BookAppApplication.class]
20:52:28.252 [Test worker] INFO org.springframework.boot.test.context.SpringBootTestContextBootstrapper - Found @SpringBootConfiguration org.liftoff.BookApp.BookAppApplication for test class org.liftoff.BookApp.BookAppApplicationTests
20:52:28.407 [Test worker] DEBUG org.springframework.boot.test.context.SpringBootTestContextBootstrapper - @TestExecutionListeners is not present for class [org.liftoff.BookApp.BookAppApplicationTests]: using defaults.
20:52:28.407 [Test worker] INFO org.springframework.boot.test.context.SpringBootTestContextBootstrapper - Loaded default TestExecutionListener class names from location [META-INF/spring.factories]: [org.springframework.boot.test.autoconfigure.restdocs.RestDocsTestExecutionListener, org.springframework.boot.test.autoconfigure.web.client.MockRestServiceServerResetTestExecutionListener, org.springframework.boot.test.autoconfigure.web.servlet.MockMvcPrintOnlyOnFailureTestExecutionListener, org.springframework.boot.test.autoconfigure.web.servlet.WebDriverTestExecutionListener, org.springframework.boot.test.autoconfigure.webservices.client.MockWebServiceServerTestExecutionListener, org.springframework.boot.test.mock.mockito.MockitoTestExecutionListener, org.springframework.boot.test.mock.mockito.ResetMocksTestExecutionListener, org.springframework.test.context.web.ServletTestExecutionListener, org.springframework.test.context.support.DirtiesContextBeforeModesTestExecutionListener, org.springframework.test.context.support.DependencyInjectionTestExecutionListener, org.springframework.test.context.support.DirtiesContextTestExecutionListener, org.springframework.test.context.transaction.TransactionalTestExecutionListener, org.springframework.test.context.jdbc.SqlScriptsTestExecutionListener, org.springframework.test.context.event.EventPublishingTestExecutionListener]
20:52:28.420 [Test worker] DEBUG org.springframework.boot.test.context.SpringBootTestContextBootstrapper - Skipping candidate TestExecutionListener [org.springframework.test.context.transaction.TransactionalTestExecutionListener] due to a missing dependency. Specify custom listener classes or make the default listener classes and their required dependencies available. Offending class: [org/springframework/transaction/interceptor/TransactionAttributeSource]
20:52:28.421 [Test worker] DEBUG org.springframework.boot.test.context.SpringBootTestContextBootstrapper - Skipping candidate TestExecutionListener [org.springframework.test.context.jdbc.SqlScriptsTestExecutionListener] due to a missing dependency. Specify custom listener classes or make the default listener classes and their required dependencies available. Offending class: [org/springframework/transaction/interceptor/TransactionAttribute]
20:52:28.422 [Test worker] INFO org.springframework.boot.test.context.SpringBootTestContextBootstrapper - Using TestExecutionListeners: [org.springframework.test.context.web.ServletTestExecutionListener@3a238487, org.springframework.test.context.support.DirtiesContextBeforeModesTestExecutionListener@2b12a9f3, org.springframework.boot.test.mock.mockito.MockitoTestExecutionListener@595894c, org.springframework.boot.test.autoconfigure.SpringBootDependencyInjectionTestExecutionListener@559dfa1a, org.springframework.test.context.support.DirtiesContextTestExecutionListener@73bc5b92, org.springframework.test.context.event.EventPublishingTestExecutionListener@4ddf2927, org.springframework.boot.test.autoconfigure.restdocs.RestDocsTestExecutionListener@64290639, org.springframework.boot.test.autoconfigure.web.client.MockRestServiceServerResetTestExecutionListener@5e5e7d8c, org.springframework.boot.test.autoconfigure.web.servlet.MockMvcPrintOnlyOnFailureTestExecutionListener@4f2fcd1e, org.springframework.boot.test.autoconfigure.web.servlet.WebDriverTestExecutionListener@7b8d53cd, org.springframework.boot.test.autoconfigure.webservices.client.MockWebServiceServerTestExecutionListener@57399a4b, org.springframework.boot.test.mock.mockito.ResetMocksTestExecutionListener@7aa63f3d]
20:52:28.429 [Test worker] DEBUG org.springframework.test.context.support.AbstractDirtiesContextTestExecutionListener - Before test class: context [DefaultTestContext@43806c73 testClass = BookAppApplicationTests, testInstance = [null], testMethod = [null], testException = [null], mergedContextConfiguration = [WebMergedContextConfiguration@3a5b2db8 testClass = BookAppApplicationTests, locations = '{}', classes = '{class org.liftoff.BookApp.BookAppApplication}', contextInitializerClasses = '[]', activeProfiles = '{}', propertySourceLocations = '{}', propertySourceProperties = '{org.springframework.boot.test.context.SpringBootTestContextBootstrapper=true}', contextCustomizers = set[org.springframework.boot.test.autoconfigure.actuate.metrics.MetricsExportContextCustomizerFactory$DisableMetricExportContextCustomizer@5b998c5a, org.springframework.boot.test.autoconfigure.properties.PropertyMappingContextCustomizer@0, org.springframework.boot.test.autoconfigure.web.servlet.WebDriverContextCustomizerFactory$Customizer@38c0fd67, org.springframework.boot.test.context.filter.ExcludeFilterContextCustomizer@52871b90, org.springframework.boot.test.json.DuplicateJsonObjectContextCustomizerFactory$DuplicateJsonObjectContextCustomizer@5a3d59a9, org.springframework.boot.test.mock.mockito.MockitoContextCustomizer@0, org.springframework.boot.test.web.client.TestRestTemplateContextCustomizer@3eb9b17a, org.springframework.boot.test.web.reactive.server.WebTestClientContextCustomizer@55bfdfb5, org.springframework.boot.test.context.SpringBootTestArgs@1, org.springframework.boot.test.context.SpringBootTestWebEnvironment@fd7bb26], resourceBasePath = 'src/main/webapp', contextLoader = 'org.springframework.boot.test.context.SpringBootContextLoader', parent = [null]], attributes = map['org.springframework.test.context.web.ServletTestExecutionListener.activateListener' -> true]], class annotated with @DirtiesContext [false] with mode [null].
20:52:28.472 [Test worker] DEBUG org.springframework.test.context.support.TestPropertySourceUtils - Adding inlined properties to environment: {spring.jmx.enabled=false, org.springframework.boot.test.context.SpringBootTestContextBootstrapper=true}

  .   ____          _            __ _ _
 /\\ / ___'_ __ _ _(_)_ __  __ _ \ \ \ \
( ( )\___ | '_ | '_| | '_ \/ _` | \ \ \ \
 \\/  ___)| |_)| | | | | || (_| |  ) ) ) )
  '  |____| .__|_| |_|_| |_\__, | / / / /
 =========|_|==============|___/=/_/_/_/
 :: Spring Boot ::                (v2.4.0)

2020-11-23 20:52:28.900  INFO 53500 --- [    Test worker] o.l.BookApp.BookAppApplicationTests      : Starting BookAppApplicationTests using Java 13.0.2 on Enriques-MacBook-Pro.local with PID 53500 (started by dogsizedrat in /Users/dogsizedrat/Desktop/BookApp)
2020-11-23 20:52:28.906  INFO 53500 --- [    Test worker] o.l.BookApp.BookAppApplicationTests      : No active profile set, falling back to default profiles: default
2020-11-23 20:52:30.391  INFO 53500 --- [    Test worker] o.s.s.concurrent.ThreadPoolTaskExecutor  : Initializing ExecutorService 'applicationTaskExecutor'
2020-11-23 20:52:30.888  INFO 53500 --- [    Test worker] o.l.BookApp.BookAppApplicationTests      : Started BookAppApplicationTests in 2.398 seconds (JVM running for 3.976)
]]></system-out>
  <system-err><![CDATA[]]></system-err>
</testsuite>
